This is pdfTeX, Version 3.14159265-2.6-1.40.18 (MiKTeX 2.9.6350 64-bit) (preloaded format=pdflatex 2017.10.10)  26 JAN 2018 16:55
entering extended mode
**./CLOUDS_summary.tex
(CLOUDS_summary.tex
LaTeX2e <2017-04-15>
Babel <3.10> and hyphenation patterns for 75 language(s) loaded.
("C:\Program Files\MiKTeX 2.9\tex\latex\base\book.cls"
Document Class: book 2014/09/29 v1.4h Standard LaTeX document class
("C:\Program Files\MiKTeX 2.9\tex\latex\base\bk12.clo"
File: bk12.clo 2014/09/29 v1.4h Standard LaTeX file (size option)
)
\c@part=\count79
\c@chapter=\count80
\c@section=\count81
\c@subsection=\count82
\c@subsubsection=\count83
\c@paragraph=\count84
\c@subparagraph=\count85
\c@figure=\count86
\c@table=\count87
\abovecaptionskip=\skip41
\belowcaptionskip=\skip42
\bibindent=\dimen102
)
("C:\Program Files\MiKTeX 2.9\tex\latex\base\inputenc.sty"
Package: inputenc 2015/03/17 v1.2c Input encoding file
\inpenc@prehook=\toks14
\inpenc@posthook=\toks15

("C:\Program Files\MiKTeX 2.9\tex\latex\base\utf8.def"
File: utf8.def 2017/01/28 v1.1t UTF-8 support for inputenc
Now handling font encoding OML ...
... no UTF-8 mapping file for font encoding OML
Now handling font encoding T1 ...
... processing UTF-8 mapping file for font encoding T1

("C:\Program Files\MiKTeX 2.9\tex\latex\base\t1enc.dfu"
File: t1enc.dfu 2017/01/28 v1.1t UTF-8 support for inputenc
   defining Unicode char U+00A0 (decimal 160)
   defining Unicode char U+00A1 (decimal 161)
   defining Unicode char U+00A3 (decimal 163)
   defining Unicode char U+00AB (decimal 171)
   defining Unicode char U+00AD (decimal 173)
   defining Unicode char U+00BB (decimal 187)
   defining Unicode char U+00BF (decimal 191)
   defining Unicode char U+00C0 (decimal 192)
   defining Unicode char U+00C1 (decimal 193)
   defining Unicode char U+00C2 (decimal 194)
   defining Unicode char U+00C3 (decimal 195)
   defining Unicode char U+00C4 (decimal 196)
   defining Unicode char U+00C5 (decimal 197)
   defining Unicode char U+00C6 (decimal 198)
   defining Unicode char U+00C7 (decimal 199)
   defining Unicode char U+00C8 (decimal 200)
   defining Unicode char U+00C9 (decimal 201)
   defining Unicode char U+00CA (decimal 202)
   defining Unicode char U+00CB (decimal 203)
   defining Unicode char U+00CC (decimal 204)
   defining Unicode char U+00CD (decimal 205)
   defining Unicode char U+00CE (decimal 206)
   defining Unicode char U+00CF (decimal 207)
   defining Unicode char U+00D0 (decimal 208)
   defining Unicode char U+00D1 (decimal 209)
   defining Unicode char U+00D2 (decimal 210)
   defining Unicode char U+00D3 (decimal 211)
   defining Unicode char U+00D4 (decimal 212)
   defining Unicode char U+00D5 (decimal 213)
   defining Unicode char U+00D6 (decimal 214)
   defining Unicode char U+00D8 (decimal 216)
   defining Unicode char U+00D9 (decimal 217)
   defining Unicode char U+00DA (decimal 218)
   defining Unicode char U+00DB (decimal 219)
   defining Unicode char U+00DC (decimal 220)
   defining Unicode char U+00DD (decimal 221)
   defining Unicode char U+00DE (decimal 222)
   defining Unicode char U+00DF (decimal 223)
   defining Unicode char U+00E0 (decimal 224)
   defining Unicode char U+00E1 (decimal 225)
   defining Unicode char U+00E2 (decimal 226)
   defining Unicode char U+00E3 (decimal 227)
   defining Unicode char U+00E4 (decimal 228)
   defining Unicode char U+00E5 (decimal 229)
   defining Unicode char U+00E6 (decimal 230)
   defining Unicode char U+00E7 (decimal 231)
   defining Unicode char U+00E8 (decimal 232)
   defining Unicode char U+00E9 (decimal 233)
   defining Unicode char U+00EA (decimal 234)
   defining Unicode char U+00EB (decimal 235)
   defining Unicode char U+00EC (decimal 236)
   defining Unicode char U+00ED (decimal 237)
   defining Unicode char U+00EE (decimal 238)
   defining Unicode char U+00EF (decimal 239)
   defining Unicode char U+00F0 (decimal 240)
   defining Unicode char U+00F1 (decimal 241)
   defining Unicode char U+00F2 (decimal 242)
   defining Unicode char U+00F3 (decimal 243)
   defining Unicode char U+00F4 (decimal 244)
   defining Unicode char U+00F5 (decimal 245)
   defining Unicode char U+00F6 (decimal 246)
   defining Unicode char U+00F8 (decimal 248)
   defining Unicode char U+00F9 (decimal 249)
   defining Unicode char U+00FA (decimal 250)
   defining Unicode char U+00FB (decimal 251)
   defining Unicode char U+00FC (decimal 252)
   defining Unicode char U+00FD (decimal 253)
   defining Unicode char U+00FE (decimal 254)
   defining Unicode char U+00FF (decimal 255)
   defining Unicode char U+0100 (decimal 256)
   defining Unicode char U+0101 (decimal 257)
   defining Unicode char U+0102 (decimal 258)
   defining Unicode char U+0103 (decimal 259)
   defining Unicode char U+0104 (decimal 260)
   defining Unicode char U+0105 (decimal 261)
   defining Unicode char U+0106 (decimal 262)
   defining Unicode char U+0107 (decimal 263)
   defining Unicode char U+0108 (decimal 264)
   defining Unicode char U+0109 (decimal 265)
   defining Unicode char U+010A (decimal 266)
   defining Unicode char U+010B (decimal 267)
   defining Unicode char U+010C (decimal 268)
   defining Unicode char U+010D (decimal 269)
   defining Unicode char U+010E (decimal 270)
   defining Unicode char U+010F (decimal 271)
   defining Unicode char U+0110 (decimal 272)
   defining Unicode char U+0111 (decimal 273)
   defining Unicode char U+0112 (decimal 274)
   defining Unicode char U+0113 (decimal 275)
   defining Unicode char U+0114 (decimal 276)
   defining Unicode char U+0115 (decimal 277)
   defining Unicode char U+0116 (decimal 278)
   defining Unicode char U+0117 (decimal 279)
   defining Unicode char U+0118 (decimal 280)
   defining Unicode char U+0119 (decimal 281)
   defining Unicode char U+011A (decimal 282)
   defining Unicode char U+011B (decimal 283)
   defining Unicode char U+011C (decimal 284)
   defining Unicode char U+011D (decimal 285)
   defining Unicode char U+011E (decimal 286)
   defining Unicode char U+011F (decimal 287)
   defining Unicode char U+0120 (decimal 288)
   defining Unicode char U+0121 (decimal 289)
   defining Unicode char U+0122 (decimal 290)
   defining Unicode char U+0123 (decimal 291)
   defining Unicode char U+0124 (decimal 292)
   defining Unicode char U+0125 (decimal 293)
   defining Unicode char U+0128 (decimal 296)
   defining Unicode char U+0129 (decimal 297)
   defining Unicode char U+012A (decimal 298)
   defining Unicode char U+012B (decimal 299)
   defining Unicode char U+012C (decimal 300)
   defining Unicode char U+012D (decimal 301)
   defining Unicode char U+012E (decimal 302)
   defining Unicode char U+012F (decimal 303)
   defining Unicode char U+0130 (decimal 304)
   defining Unicode char U+0131 (decimal 305)
   defining Unicode char U+0132 (decimal 306)
   defining Unicode char U+0133 (decimal 307)
   defining Unicode char U+0134 (decimal 308)
   defining Unicode char U+0135 (decimal 309)
   defining Unicode char U+0136 (decimal 310)
   defining Unicode char U+0137 (decimal 311)
   defining Unicode char U+0139 (decimal 313)
   defining Unicode char U+013A (decimal 314)
   defining Unicode char U+013B (decimal 315)
   defining Unicode char U+013C (decimal 316)
   defining Unicode char U+013D (decimal 317)
   defining Unicode char U+013E (decimal 318)
   defining Unicode char U+0141 (decimal 321)
   defining Unicode char U+0142 (decimal 322)
   defining Unicode char U+0143 (decimal 323)
   defining Unicode char U+0144 (decimal 324)
   defining Unicode char U+0145 (decimal 325)
   defining Unicode char U+0146 (decimal 326)
   defining Unicode char U+0147 (decimal 327)
   defining Unicode char U+0148 (decimal 328)
   defining Unicode char U+014A (decimal 330)
   defining Unicode char U+014B (decimal 331)
   defining Unicode char U+014C (decimal 332)
   defining Unicode char U+014D (decimal 333)
   defining Unicode char U+014E (decimal 334)
   defining Unicode char U+014F (decimal 335)
   defining Unicode char U+0150 (decimal 336)
   defining Unicode char U+0151 (decimal 337)
   defining Unicode char U+0152 (decimal 338)
   defining Unicode char U+0153 (decimal 339)
   defining Unicode char U+0154 (decimal 340)
   defining Unicode char U+0155 (decimal 341)
   defining Unicode char U+0156 (decimal 342)
   defining Unicode char U+0157 (decimal 343)
   defining Unicode char U+0158 (decimal 344)
   defining Unicode char U+0159 (decimal 345)
   defining Unicode char U+015A (decimal 346)
   defining Unicode char U+015B (decimal 347)
   defining Unicode char U+015C (decimal 348)
   defining Unicode char U+015D (decimal 349)
   defining Unicode char U+015E (decimal 350)
   defining Unicode char U+015F (decimal 351)
   defining Unicode char U+0160 (decimal 352)
   defining Unicode char U+0161 (decimal 353)
   defining Unicode char U+0162 (decimal 354)
   defining Unicode char U+0163 (decimal 355)
   defining Unicode char U+0164 (decimal 356)
   defining Unicode char U+0165 (decimal 357)
   defining Unicode char U+0168 (decimal 360)
   defining Unicode char U+0169 (decimal 361)
   defining Unicode char U+016A (decimal 362)
   defining Unicode char U+016B (decimal 363)
   defining Unicode char U+016C (decimal 364)
   defining Unicode char U+016D (decimal 365)
   defining Unicode char U+016E (decimal 366)
   defining Unicode char U+016F (decimal 367)
   defining Unicode char U+0170 (decimal 368)
   defining Unicode char U+0171 (decimal 369)
   defining Unicode char U+0172 (decimal 370)
   defining Unicode char U+0173 (decimal 371)
   defining Unicode char U+0174 (decimal 372)
   defining Unicode char U+0175 (decimal 373)
   defining Unicode char U+0176 (decimal 374)
   defining Unicode char U+0177 (decimal 375)
   defining Unicode char U+0178 (decimal 376)
   defining Unicode char U+0179 (decimal 377)
   defining Unicode char U+017A (decimal 378)
   defining Unicode char U+017B (decimal 379)
   defining Unicode char U+017C (decimal 380)
   defining Unicode char U+017D (decimal 381)
   defining Unicode char U+017E (decimal 382)
   defining Unicode char U+01CD (decimal 461)
   defining Unicode char U+01CE (decimal 462)
   defining Unicode char U+01CF (decimal 463)
   defining Unicode char U+01D0 (decimal 464)
   defining Unicode char U+01D1 (decimal 465)
   defining Unicode char U+01D2 (decimal 466)
   defining Unicode char U+01D3 (decimal 467)
   defining Unicode char U+01D4 (decimal 468)
   defining Unicode char U+01E2 (decimal 482)
   defining Unicode char U+01E3 (decimal 483)
   defining Unicode char U+01E6 (decimal 486)
   defining Unicode char U+01E7 (decimal 487)
   defining Unicode char U+01E8 (decimal 488)
   defining Unicode char U+01E9 (decimal 489)
   defining Unicode char U+01EA (decimal 490)
   defining Unicode char U+01EB (decimal 491)
   defining Unicode char U+01F0 (decimal 496)
   defining Unicode char U+01F4 (decimal 500)
   defining Unicode char U+01F5 (decimal 501)
   defining Unicode char U+0218 (decimal 536)
   defining Unicode char U+0219 (decimal 537)
   defining Unicode char U+021A (decimal 538)
   defining Unicode char U+021B (decimal 539)
   defining Unicode char U+0232 (decimal 562)
   defining Unicode char U+0233 (decimal 563)
   defining Unicode char U+1E02 (decimal 7682)
   defining Unicode char U+1E03 (decimal 7683)
   defining Unicode char U+200C (decimal 8204)
   defining Unicode char U+2010 (decimal 8208)
   defining Unicode char U+2011 (decimal 8209)
   defining Unicode char U+2012 (decimal 8210)
   defining Unicode char U+2013 (decimal 8211)
   defining Unicode char U+2014 (decimal 8212)
   defining Unicode char U+2015 (decimal 8213)
   defining Unicode char U+2018 (decimal 8216)
   defining Unicode char U+2019 (decimal 8217)
   defining Unicode char U+201A (decimal 8218)
   defining Unicode char U+201C (decimal 8220)
   defining Unicode char U+201D (decimal 8221)
   defining Unicode char U+201E (decimal 8222)
   defining Unicode char U+2030 (decimal 8240)
   defining Unicode char U+2031 (decimal 8241)
   defining Unicode char U+2039 (decimal 8249)
   defining Unicode char U+203A (decimal 8250)
   defining Unicode char U+2423 (decimal 9251)
   defining Unicode char U+1E20 (decimal 7712)
   defining Unicode char U+1E21 (decimal 7713)
)
Now handling font encoding OT1 ...
... processing UTF-8 mapping file for font encoding OT1

("C:\Program Files\MiKTeX 2.9\tex\latex\base\ot1enc.dfu"
File: ot1enc.dfu 2017/01/28 v1.1t UTF-8 support for inputenc
   defining Unicode char U+00A0 (decimal 160)
   defining Unicode char U+00A1 (decimal 161)
   defining Unicode char U+00A3 (decimal 163)
   defining Unicode char U+00AD (decimal 173)
   defining Unicode char U+00B8 (decimal 184)
   defining Unicode char U+00BF (decimal 191)
   defining Unicode char U+00C5 (decimal 197)
   defining Unicode char U+00C6 (decimal 198)
   defining Unicode char U+00D8 (decimal 216)
   defining Unicode char U+00DF (decimal 223)
   defining Unicode char U+00E6 (decimal 230)
   defining Unicode char U+00EC (decimal 236)
   defining Unicode char U+00ED (decimal 237)
   defining Unicode char U+00EE (decimal 238)
   defining Unicode char U+00EF (decimal 239)
   defining Unicode char U+00F8 (decimal 248)
   defining Unicode char U+0131 (decimal 305)
   defining Unicode char U+0141 (decimal 321)
   defining Unicode char U+0142 (decimal 322)
   defining Unicode char U+0152 (decimal 338)
   defining Unicode char U+0153 (decimal 339)
   defining Unicode char U+0174 (decimal 372)
   defining Unicode char U+0175 (decimal 373)
   defining Unicode char U+0176 (decimal 374)
   defining Unicode char U+0177 (decimal 375)
   defining Unicode char U+0218 (decimal 536)
   defining Unicode char U+0219 (decimal 537)
   defining Unicode char U+021A (decimal 538)
   defining Unicode char U+021B (decimal 539)
   defining Unicode char U+2013 (decimal 8211)
   defining Unicode char U+2014 (decimal 8212)
   defining Unicode char U+2018 (decimal 8216)
   defining Unicode char U+2019 (decimal 8217)
   defining Unicode char U+201C (decimal 8220)
   defining Unicode char U+201D (decimal 8221)
)
Now handling font encoding OMS ...
... processing UTF-8 mapping file for font encoding OMS

("C:\Program Files\MiKTeX 2.9\tex\latex\base\omsenc.dfu"
File: omsenc.dfu 2017/01/28 v1.1t UTF-8 support for inputenc
   defining Unicode char U+00A7 (decimal 167)
   defining Unicode char U+00B6 (decimal 182)
   defining Unicode char U+00B7 (decimal 183)
   defining Unicode char U+2020 (decimal 8224)
   defining Unicode char U+2021 (decimal 8225)
   defining Unicode char U+2022 (decimal 8226)
)
Now handling font encoding OMX ...
... no UTF-8 mapping file for font encoding OMX
Now handling font encoding U ...
... no UTF-8 mapping file for font encoding U
   defining Unicode char U+00A9 (decimal 169)
   defining Unicode char U+00AA (decimal 170)
   defining Unicode char U+00AE (decimal 174)
   defining Unicode char U+00BA (decimal 186)
   defining Unicode char U+02C6 (decimal 710)
   defining Unicode char U+02DC (decimal 732)
   defining Unicode char U+200C (decimal 8204)
   defining Unicode char U+2026 (decimal 8230)
   defining Unicode char U+2122 (decimal 8482)
   defining Unicode char U+2423 (decimal 9251)
))
("C:\Program Files\MiKTeX 2.9\tex\latex\graphics\graphicx.sty"
Package: graphicx 2014/10/28 v1.0g Enhanced LaTeX Graphics (DPC,SPQR)

("C:\Program Files\MiKTeX 2.9\tex\latex\graphics\keyval.sty"
Package: keyval 2014/10/28 v1.15 key=value parser (DPC)
\KV@toks@=\toks16
)
("C:\Program Files\MiKTeX 2.9\tex\latex\graphics\graphics.sty"
Package: graphics 2017/04/14 v1.1b Standard LaTeX Graphics (DPC,SPQR)

("C:\Program Files\MiKTeX 2.9\tex\latex\graphics\trig.sty"
Package: trig 2016/01/03 v1.10 sin cos tan (DPC)
)
("C:\Program Files\MiKTeX 2.9\tex\latex\graphics-cfg\graphics.cfg"
File: graphics.cfg 2016/06/04 v1.11 sample graphics configuration
)
Package graphics Info: Driver file: pdftex.def on input line 99.

("C:\Program Files\MiKTeX 2.9\tex\latex\graphics-def\pdftex.def"
File: pdftex.def 2017/01/12 v0.06k Graphics/color for pdfTeX

("C:\Program Files\MiKTeX 2.9\tex\generic\oberdiek\infwarerr.sty"
Package: infwarerr 2016/05/16 v1.4 Providing info/warning/error messages (HO)
)
("C:\Program Files\MiKTeX 2.9\tex\generic\oberdiek\ltxcmds.sty"
Package: ltxcmds 2016/05/16 v1.23 LaTeX kernel commands for general use (HO)
)
\Gread@gobject=\count88
))
\Gin@req@height=\dimen103
\Gin@req@width=\dimen104
)
("C:\Program Files\MiKTeX 2.9\tex\latex\changepage\changepage.sty"
Package: changepage 2009/10/20 v1.0c check page and change page layout
\c@cp@cntr=\count89
\cp@tempcnt=\count90
)
("C:\Program Files\MiKTeX 2.9\tex\latex\csquotes\csquotes.sty"
Package: csquotes 2017/03/11 v5.2b context-sensitive quotations (JAW)

("C:\Program Files\MiKTeX 2.9\tex\latex\etoolbox\etoolbox.sty"
Package: etoolbox 2017/01/02 v2.4 e-TeX tools for LaTeX (JAW)
\etb@tempcnta=\count91
)
\csq@reset=\count92
\csq@gtype=\count93
\csq@glevel=\count94
\csq@qlevel=\count95
\csq@maxlvl=\count96
\csq@tshold=\count97
\csq@ltx@everypar=\toks17

("C:\Program Files\MiKTeX 2.9\tex\latex\csquotes\csquotes.def"
File: csquotes.def 2017/03/11 v5.2b csquotes generic definitions (JAW)
)
Package csquotes Info: Trying to load configuration file 'csquotes.cfg'...
Package csquotes Info: ... configuration file loaded successfully.

("C:\Program Files\MiKTeX 2.9\tex\latex\csquotes\csquotes.cfg"
File: csquotes.cfg 
)
Package csquotes Info: Enabling multilingual quotes.
)
("C:\Program Files\MiKTeX 2.9\tex\latex\titlesec\titlesec.sty"
Package: titlesec 2016/03/21 v2.10.2 Sectioning titles
\ttl@box=\box26
\beforetitleunit=\skip43
\aftertitleunit=\skip44
\ttl@plus=\dimen105
\ttl@minus=\dimen106
\ttl@toksa=\toks18
\titlewidth=\dimen107
\titlewidthlast=\dimen108
\titlewidthfirst=\dimen109
)
Package csquotes Info: Allocating character ".

("C:\Program Files\MiKTeX 2.9\tex\latex\adjustbox\adjustbox.sty"
Package: adjustbox 2012/05/21 v1.0 Adjusting TeX boxes (trim, clip, ...)

("C:\Program Files\MiKTeX 2.9\tex\latex\xkeyval\xkeyval.sty"
Package: xkeyval 2014/12/03 v2.7a package option processing (HA)

("C:\Program Files\MiKTeX 2.9\tex\generic\xkeyval\xkeyval.tex"
("C:\Program Files\MiKTeX 2.9\tex\generic\xkeyval\xkvutils.tex"
\XKV@toks=\toks19
\XKV@tempa@toks=\toks20
)
\XKV@depth=\count98
File: xkeyval.tex 2014/12/03 v2.7a key=value parser (HA)
))
("C:\Program Files\MiKTeX 2.9\tex\latex\adjustbox\adjcalc.sty"
Package: adjcalc 2012/05/16 v1.1 Provides advanced setlength with multiple back
-ends (calc, etex, pgfmath)
)
("C:\Program Files\MiKTeX 2.9\tex\latex\adjustbox\trimclip.sty"
Package: trimclip 2012/05/16 v1.0 Trim and clip general TeX material

("C:\Program Files\MiKTeX 2.9\tex\latex\collectbox\collectbox.sty"
Package: collectbox 2012/05/17 v0.4b Collect macro arguments as boxes
\collectedbox=\box27
)
\tc@llx=\dimen110
\tc@lly=\dimen111
\tc@urx=\dimen112
\tc@ury=\dimen113
Package trimclip Info: Using driver 'tc-pdftex.def'.

("C:\Program Files\MiKTeX 2.9\tex\latex\adjustbox\tc-pdftex.def"
File: tc-pdftex.def 2012/05/13 v1.0 Clipping driver for pdftex
))
\adjbox@Width=\dimen114
\adjbox@Height=\dimen115
\adjbox@Depth=\dimen116
\adjbox@Totalheight=\dimen117

("C:\Program Files\MiKTeX 2.9\tex\latex\ifoddpage\ifoddpage.sty"
Package: ifoddpage 2016/04/23 v1.1 Conditionals for odd/even page detection
\c@checkoddpage=\count99
LaTeX Info: Redefining \checkoddpage on input line 45.
)
("C:\Program Files\MiKTeX 2.9\tex\latex\ltxmisc\varwidth.sty"
Package: varwidth 2009/03/30 ver 0.92;  Variable-width minipages
\@vwid@box=\box28
\sift@deathcycles=\count100
\@vwid@loff=\dimen118
\@vwid@roff=\dimen119
))
("C:\Program Files\MiKTeX 2.9\tex\latex\float\float.sty"
Package: float 2001/11/08 v1.3d Float enhancements (AL)
\c@float@type=\count101
\float@exts=\toks21
\float@box=\box29
\@float@everytoks=\toks22
\@floatcapt=\box30
)
("C:\Program Files\MiKTeX 2.9\tex\latex\hyperref\hyperref.sty"
Package: hyperref 2017/03/14 v6.85a Hypertext links for LaTeX

("C:\Program Files\MiKTeX 2.9\tex\generic\oberdiek\hobsub-hyperref.sty"
Package: hobsub-hyperref 2016/05/16 v1.14 Bundle oberdiek, subset hyperref (HO)


("C:\Program Files\MiKTeX 2.9\tex\generic\oberdiek\hobsub-generic.sty"
Package: hobsub-generic 2016/05/16 v1.14 Bundle oberdiek, subset generic (HO)
Package: hobsub 2016/05/16 v1.14 Construct package bundles (HO)
Package hobsub Info: Skipping package `infwarerr' (already loaded).
Package hobsub Info: Skipping package `ltxcmds' (already loaded).
Package: ifluatex 2016/05/16 v1.4 Provides the ifluatex switch (HO)
Package ifluatex Info: LuaTeX not detected.
Package: ifvtex 2016/05/16 v1.6 Detect VTeX and its facilities (HO)
Package ifvtex Info: VTeX not detected.
Package: intcalc 2016/05/16 v1.2 Expandable calculations with integers (HO)
Package: ifpdf 2017/03/15 v3.2 Provides the ifpdf switch
Package: etexcmds 2016/05/16 v1.6 Avoid name clashes with e-TeX commands (HO)
Package etexcmds Info: Could not find \expanded.
(etexcmds)             That can mean that you are not using pdfTeX 1.50 or
(etexcmds)             that some package has redefined \expanded.
(etexcmds)             In the latter case, load this package earlier.
Package: kvsetkeys 2016/05/16 v1.17 Key value parser (HO)
Package: kvdefinekeys 2016/05/16 v1.4 Define keys (HO)
Package: pdftexcmds 2017/03/19 v0.25 Utility functions of pdfTeX for LuaTeX (HO
)
Package pdftexcmds Info: LuaTeX not detected.
Package pdftexcmds Info: \pdf@primitive is available.
Package pdftexcmds Info: \pdf@ifprimitive is available.
Package pdftexcmds Info: \pdfdraftmode found.
Package: pdfescape 2016/05/16 v1.14 Implements pdfTeX's escape features (HO)
Package: bigintcalc 2016/05/16 v1.4 Expandable calculations on big integers (HO
)
Package: bitset 2016/05/16 v1.2 Handle bit-vector datatype (HO)
Package: uniquecounter 2016/05/16 v1.3 Provide unlimited unique counter (HO)
)
Package hobsub Info: Skipping package `hobsub' (already loaded).
Package: letltxmacro 2016/05/16 v1.5 Let assignment for LaTeX macros (HO)
Package: hopatch 2016/05/16 v1.3 Wrapper for package hooks (HO)
Package: xcolor-patch 2016/05/16 xcolor patch
Package: atveryend 2016/05/16 v1.9 Hooks at the very end of document (HO)
Package: atbegshi 2016/06/09 v1.18 At begin shipout hook (HO)
Package: refcount 2016/05/16 v3.5 Data extraction from label references (HO)
Package: hycolor 2016/05/16 v1.8 Color options for hyperref/bookmark (HO)
)
("C:\Program Files\MiKTeX 2.9\tex\generic\ifxetex\ifxetex.sty"
Package: ifxetex 2010/09/12 v0.6 Provides ifxetex conditional
)
("C:\Program Files\MiKTeX 2.9\tex\latex\oberdiek\auxhook.sty"
Package: auxhook 2016/05/16 v1.4 Hooks for auxiliary files (HO)
)
("C:\Program Files\MiKTeX 2.9\tex\latex\oberdiek\kvoptions.sty"
Package: kvoptions 2016/05/16 v3.12 Key value format for package options (HO)
)
\@linkdim=\dimen120
\Hy@linkcounter=\count102
\Hy@pagecounter=\count103

("C:\Program Files\MiKTeX 2.9\tex\latex\hyperref\pd1enc.def"
File: pd1enc.def 2017/03/14 v6.85a Hyperref: PDFDocEncoding definition (HO)
Now handling font encoding PD1 ...
... no UTF-8 mapping file for font encoding PD1
)
\Hy@SavedSpaceFactor=\count104

("C:\Program Files\MiKTeX 2.9\tex\latex\00miktex\hyperref.cfg"
File: hyperref.cfg 2002/06/06 v1.2 hyperref configuration of TeXLive
)
Package hyperref Info: Option `final' set `true' on input line 4374.
Package hyperref Info: Hyper figures OFF on input line 4498.
Package hyperref Info: Link nesting OFF on input line 4503.
Package hyperref Info: Hyper index ON on input line 4506.
Package hyperref Info: Plain pages OFF on input line 4513.
Package hyperref Info: Backreferencing OFF on input line 4518.
Package hyperref Info: Implicit mode ON; LaTeX internals redefined.
Package hyperref Info: Bookmarks ON on input line 4751.
\c@Hy@tempcnt=\count105

("C:\Program Files\MiKTeX 2.9\tex\latex\url\url.sty"
\Urlmuskip=\muskip10
Package: url 2013/09/16  ver 3.4  Verb mode for urls, etc.
)
LaTeX Info: Redefining \url on input line 5104.
\XeTeXLinkMargin=\dimen121
\Fld@menulength=\count106
\Field@Width=\dimen122
\Fld@charsize=\dimen123
Package hyperref Info: Hyper figures OFF on input line 6358.
Package hyperref Info: Link nesting OFF on input line 6363.
Package hyperref Info: Hyper index ON on input line 6366.
Package hyperref Info: backreferencing OFF on input line 6373.
Package hyperref Info: Link coloring OFF on input line 6378.
Package hyperref Info: Link coloring with OCG OFF on input line 6383.
Package hyperref Info: PDF/A mode OFF on input line 6388.
LaTeX Info: Redefining \ref on input line 6428.
LaTeX Info: Redefining \pageref on input line 6432.
\Hy@abspage=\count107
\c@Item=\count108
\c@Hfootnote=\count109
)

Package hyperref Message: Driver (autodetected): hpdftex.

("C:\Program Files\MiKTeX 2.9\tex\latex\hyperref\hpdftex.def"
File: hpdftex.def 2017/03/14 v6.85a Hyperref driver for pdfTeX
\Fld@listcount=\count110
\c@bookmark@seq@number=\count111

("C:\Program Files\MiKTeX 2.9\tex\latex\oberdiek\rerunfilecheck.sty"
Package: rerunfilecheck 2016/05/16 v1.8 Rerun checks for auxiliary files (HO)
Package uniquecounter Info: New unique counter `rerunfilecheck' on input line 2
82.
)
\Hy@SectionHShift=\skip45
)
Package hyperref Info: Option `colorlinks' set `true' on input line 11.
\imgw=\skip46
\imgh=\skip47

("C:\Program Files\MiKTeX 2.9\tex\latex\caption\caption.sty"
Package: caption 2016/02/21 v3.3-144 Customizing captions (AR)

("C:\Program Files\MiKTeX 2.9\tex\latex\caption\caption3.sty"
Package: caption3 2016/05/22 v1.7-166 caption3 kernel (AR)
Package caption3 Info: TeX engine: e-TeX on input line 67.
\captionmargin=\dimen124
\captionmargin@=\dimen125
\captionwidth=\dimen126
\caption@tempdima=\dimen127
\caption@indent=\dimen128
\caption@parindent=\dimen129
\caption@hangindent=\dimen130
)
\c@ContinuedFloat=\count112
Package caption Info: float package is loaded.
Package caption Info: hyperref package is loaded.
)
("C:\Program Files\MiKTeX 2.9\tex\latex\amsmath\amsmath.sty"
Package: amsmath 2016/11/05 v2.16a AMS math features
\@mathmargin=\skip48

For additional information on amsmath, use the `?' option.
("C:\Program Files\MiKTeX 2.9\tex\latex\amsmath\amstext.sty"
Package: amstext 2000/06/29 v2.01 AMS text

("C:\Program Files\MiKTeX 2.9\tex\latex\amsmath\amsgen.sty"
File: amsgen.sty 1999/11/30 v2.0 generic functions
\@emptytoks=\toks23
\ex@=\dimen131
))
("C:\Program Files\MiKTeX 2.9\tex\latex\amsmath\amsbsy.sty"
Package: amsbsy 1999/11/29 v1.2d Bold Symbols
\pmbraise@=\dimen132
)
("C:\Program Files\MiKTeX 2.9\tex\latex\amsmath\amsopn.sty"
Package: amsopn 2016/03/08 v2.02 operator names
)
\inf@bad=\count113
LaTeX Info: Redefining \frac on input line 213.
\uproot@=\count114
\leftroot@=\count115
LaTeX Info: Redefining \overline on input line 375.
\classnum@=\count116
\DOTSCASE@=\count117
LaTeX Info: Redefining \ldots on input line 472.
LaTeX Info: Redefining \dots on input line 475.
LaTeX Info: Redefining \cdots on input line 596.
\Mathstrutbox@=\box31
\strutbox@=\box32
\big@size=\dimen133
LaTeX Font Info:    Redeclaring font encoding OML on input line 712.
LaTeX Font Info:    Redeclaring font encoding OMS on input line 713.
\macc@depth=\count118
\c@MaxMatrixCols=\count119
\dotsspace@=\muskip11
\c@parentequation=\count120
\dspbrk@lvl=\count121
\tag@help=\toks24
\row@=\count122
\column@=\count123
\maxfields@=\count124
\andhelp@=\toks25
\eqnshift@=\dimen134
\alignsep@=\dimen135
\tagshift@=\dimen136
\tagwidth@=\dimen137
\totwidth@=\dimen138
\lineht@=\dimen139
\@envbody=\toks26
\multlinegap=\skip49
\multlinetaggap=\skip50
\mathdisplay@stack=\toks27
LaTeX Info: Redefining \[ on input line 2817.
LaTeX Info: Redefining \] on input line 2818.
)
("C:\Program Files\MiKTeX 2.9\tex\latex\mathtools\mathtools.sty"
Package: mathtools 2017/05/24 v1.19 mathematical typesetting tools

("C:\Program Files\MiKTeX 2.9\tex\latex\tools\calc.sty"
Package: calc 2014/10/28 v4.3 Infix arithmetic (KKT,FJ)
\calc@Acount=\count125
\calc@Bcount=\count126
\calc@Adimen=\dimen140
\calc@Bdimen=\dimen141
\calc@Askip=\skip51
\calc@Bskip=\skip52
LaTeX Info: Redefining \setlength on input line 80.
LaTeX Info: Redefining \addtolength on input line 81.
\calc@Ccount=\count127
\calc@Cskip=\skip53
)
("C:\Program Files\MiKTeX 2.9\tex\latex\mathtools\mhsetup.sty"
Package: mhsetup 2017/03/31 v1.3 programming setup (MH)
)
LaTeX Info: Thecontrolsequence`\('isalreadyrobust on input line 129.
LaTeX Info: Thecontrolsequence`\)'isalreadyrobust on input line 129.
LaTeX Info: Thecontrolsequence`\['isalreadyrobust on input line 129.
LaTeX Info: Thecontrolsequence`\]'isalreadyrobust on input line 129.
\g_MT_multlinerow_int=\count128
\l_MT_multwidth_dim=\dimen142
\origjot=\skip54
\l_MT_shortvdotswithinadjustabove_dim=\dimen143
\l_MT_shortvdotswithinadjustbelow_dim=\dimen144
\l_MT_above_intertext_sep=\dimen145
\l_MT_below_intertext_sep=\dimen146
\l_MT_above_shortintertext_sep=\dimen147
\l_MT_below_shortintertext_sep=\dimen148
)
("C:\Program Files\MiKTeX 2.9\tex\latex\makecell\makecell.sty"
Package: makecell 2009/08/03 V0.1e Managing of Tab Column Heads and Cells

("C:\Program Files\MiKTeX 2.9\tex\latex\tools\array.sty"
Package: array 2016/10/06 v2.4d Tabular extension package (FMi)
\col@sep=\dimen149
\extrarowheight=\dimen150
\NC@list=\toks28
\extratabsurround=\skip55
\backup@length=\skip56
)
\rotheadsize=\dimen151
\c@nlinenum=\count129
\TeXr@lab=\toks29
)
Package csquotes Info: Checking for multilingual support...
Package csquotes Info: ... none found.


Package csquotes Warning: No multilingual support.
(csquotes)                Cannot enable multilingual quotes on input line 20.

(CLOUDS_summary.aux (TeX_files/chapter01.aux) (TeX_files/chapter02.aux)
(TeX_files/chapter03.aux) (TeX_files/chapter04.aux) (TeX_files/chapter05.aux)
(TeX_files/chapter06.aux) (TeX_files/chapter07.aux))
\openout1 = `CLOUDS_summary.aux'.

LaTeX Font Info:    Checking defaults for OML/cmm/m/it on input line 20.
LaTeX Font Info:    ... okay on input line 20.
LaTeX Font Info:    Checking defaults for T1/cmr/m/n on input line 20.
LaTeX Font Info:    ... okay on input line 20.
LaTeX Font Info:    Checking defaults for OT1/cmr/m/n on input line 20.
LaTeX Font Info:    ... okay on input line 20.
LaTeX Font Info:    Checking defaults for OMS/cmsy/m/n on input line 20.
LaTeX Font Info:    ... okay on input line 20.
LaTeX Font Info:    Checking defaults for OMX/cmex/m/n on input line 20.
LaTeX Font Info:    ... okay on input line 20.
LaTeX Font Info:    Checking defaults for U/cmr/m/n on input line 20.
LaTeX Font Info:    ... okay on input line 20.
LaTeX Font Info:    Checking defaults for PD1/pdf/m/n on input line 20.
LaTeX Font Info:    ... okay on input line 20.

("C:\Program Files\MiKTeX 2.9\tex\context\base\supp-pdf.mkii"
[Loading MPS to PDF converter (version 2006.09.02).]
\scratchcounter=\count130
\scratchdimen=\dimen152
\scratchbox=\box33
\nofMPsegments=\count131
\nofMParguments=\count132
\everyMPshowfont=\toks30
\MPscratchCnt=\count133
\MPscratchDim=\dimen153
\MPnumerator=\count134
\makeMPintoPDFobject=\count135
\everyMPtoPDFconversion=\toks31
) ("C:\Program Files\MiKTeX 2.9\tex\latex\oberdiek\epstopdf-base.sty"
Package: epstopdf-base 2016/05/15 v2.6 Base part for package epstopdf

("C:\Program Files\MiKTeX 2.9\tex\latex\oberdiek\grfext.sty"
Package: grfext 2016/05/16 v1.2 Manage graphics extensions (HO)
)
Package epstopdf-base Info: Redefining graphics rule for `.eps' on input line 4
38.
Package grfext Info: Graphics extension search list:
(grfext)             [.png,.pdf,.jpg,.mps,.jpeg,.jbig2,.jb2,.PNG,.PDF,.JPG,.JPE
G,.JBIG2,.JB2,.eps]
(grfext)             \AppendGraphicsExtensions on input line 456.
)
Package csquotes Info: Making character " active on input line 20.
\AtBeginShipoutBox=\box34

("C:\Program Files\MiKTeX 2.9\tex\latex\graphics\color.sty"
Package: color 2016/07/10 v1.1e Standard LaTeX Color (DPC)

("C:\Program Files\MiKTeX 2.9\tex\latex\graphics-cfg\color.cfg"
File: color.cfg 2016/01/02 v1.6 sample color configuration
)
Package color Info: Driver file: pdftex.def on input line 147.
)
Package hyperref Info: Link coloring ON on input line 20.

("C:\Program Files\MiKTeX 2.9\tex\latex\hyperref\nameref.sty"
Package: nameref 2016/05/21 v2.44 Cross-referencing by name of section

("C:\Program Files\MiKTeX 2.9\tex\generic\oberdiek\gettitlestring.sty"
Package: gettitlestring 2016/05/16 v1.5 Cleanup title references (HO)
)
\c@section@level=\count136
)
LaTeX Info: Redefining \ref on input line 20.
LaTeX Info: Redefining \pageref on input line 20.
LaTeX Info: Redefining \nameref on input line 20.

(CLOUDS_summary.out) (CLOUDS_summary.out)
\@outlinefile=\write3
\openout3 = `CLOUDS_summary.out'.

Package caption Info: Begin \AtBeginDocument code.
Package caption Info: End \AtBeginDocument code.
 [1



{C:/ProgramData/MiKTeX/2.9/pdftex/config/pdftex.map}] (CLOUDS_summary.tocpdfTeX
 warning (ext4): destination with the same identifier (name{page.i}) has been a
lready used, duplicate ignored
<to be read again> 
                   \relax 
l.54 ...ent Distributed Datasets}{21}{section.3.4}
                                                   [1

] [2])
\tf@toc=\write4
\openout4 = `CLOUDS_summary.toc'.

 [3]
\openout2 = `./TeX_files/chapter01.aux'.


(TeX_files/chapter01.tex
Chapter 1.
[1



]
Underfull \hbox (badness 10000) in paragraph at lines 33--36

 []

[2] [3] <images/combiners.png, id=531, 1061.1645pt x 528.7755pt>
File: images/combiners.png Graphic file (type png)

<use images/combiners.png>
Package pdftex.def Info: images/combiners.png used on input line 65.
(pdftex.def)             Requested size: 390.0pt x 194.33678pt.

<images/meanpseudocode.png, id=532, 658.8615pt x 516.7305pt>
File: images/meanpseudocode.png Graphic file (type png)

<use images/meanpseudocode.png>
Package pdftex.def Info: images/meanpseudocode.png used on input line 73.
(pdftex.def)             Requested size: 390.0pt x 305.8697pt.


LaTeX Warning: `!h' float specifier changed to `!ht'.

[4 <./images/combiners.png>]
LaTeX Font Info:    Try loading font information for OMS+cmr on input line 85.

("C:\Program Files\MiKTeX 2.9\tex\latex\base\omscmr.fd"
File: omscmr.fd 2014/09/29 v2.5h Standard LaTeX font definitions
)
LaTeX Font Info:    Font shape `OMS/cmr/m/n' in size <12> not available
(Font)              Font shape `OMS/cmsy/m/n' tried instead on input line 85.
 [5 <./images/meanpseudocode.png>] <images/inmappercombiners.png, id=544, 793.1
6325pt x 254.1495pt>
File: images/inmappercombiners.png Graphic file (type png)

<use images/inmappercombiners.png>
Package pdftex.def Info: images/inmappercombiners.png used on input line 96.
(pdftex.def)             Requested size: 390.0pt x 124.9648pt.
 [6 <./images/inmappercombiners.png>]
<images/pairsandstripes.png, id=554, 1108.74225pt x 367.97475pt>
File: images/pairsandstripes.png Graphic file (type png)

<use images/pairsandstripes.png>
Package pdftex.def Info: images/pairsandstripes.png used on input line 120.
(pdftex.def)             Requested size: 390.0pt x 129.43318pt.


LaTeX Warning: `!h' float specifier changed to `!ht'.

[7]
Underfull \hbox (badness 10000) in paragraph at lines 132--135

 []


Underfull \hbox (badness 10000) in paragraph at lines 142--144

 []

[8 <./images/pairsandstripes.png>]) [9]
\openout2 = `./TeX_files/chapter02.aux'.

 (TeX_files/chapter02.tex
Chapter 2.

Underfull \hbox (badness 10000) in paragraph at lines 12--16

 []

[10



] <images/arch_sketch.png, id=588, 740.16525pt x 588.39825pt>
File: images/arch_sketch.png Graphic file (type png)

<use images/arch_sketch.png>
Package pdftex.def Info: images/arch_sketch.png used on input line 34.
(pdftex.def)             Requested size: 312.00119pt x 248.0234pt.
 [11 <./images/arch_sketch.png>]
<images/jobrun.png, id=596, 862.422pt x 602.25pt>
File: images/jobrun.png Graphic file (type png)
 <use images/jobrun.png>
Package pdftex.def Info: images/jobrun.png used on input line 60.
(pdftex.def)             Requested size: 390.0pt x 272.34248pt.


LaTeX Warning: `!h' float specifier changed to `!ht'.

[12] [13 <./images/jobrun.png>]
Underfull \hbox (badness 10000) in paragraph at lines 85--89

 []


Overfull \hbox (10.92778pt too wide) in paragraph at lines 106--107
\OT1/cmr/m/n/12 Currently, Hadoop has no mech-a-nism for this kind of fail-ure 
(fu-ture/commercial
 []

[14] <images/sasmapside.png, id=624, 1044.90375pt x 437.2335pt>
File: images/sasmapside.png Graphic file (type png)

<use images/sasmapside.png>
Package pdftex.def Info: images/sasmapside.png used on input line 114.
(pdftex.def)             Requested size: 390.0pt x 163.19492pt.

<images/sasreduceside.png, id=625, 958.782pt x 454.0965pt>
File: images/sasreduceside.png Graphic file (type png)

<use images/sasreduceside.png>
Package pdftex.def Info: images/sasreduceside.png used on input line 132.
(pdftex.def)             Requested size: 390.0pt x 184.71182pt.
 [15 <./images/sasmapside.png>]) [16 <./images/sasreduceside.png>]
\openout2 = `./TeX_files/chapter03.aux'.

 (TeX_files/chapter03.tex
Chapter 3.

Underfull \hbox (badness 10000) in paragraph at lines 5--7

 []


Underfull \hbox (badness 10000) in paragraph at lines 15--17

 []

<images/sparkcomp.png, id=638, 1061.76675pt x 549.85425pt>
File: images/sparkcomp.png Graphic file (type png)

<use images/sparkcomp.png>
Package pdftex.def Info: images/sparkcomp.png used on input line 23.
(pdftex.def)             Requested size: 390.0pt x 201.96622pt.
 [17



]
<images/sparkcompsys.png, id=643, 1079.232pt x 492.6405pt>
File: images/sparkcompsys.png Graphic file (type png)

<use images/sparkcompsys.png>
Package pdftex.def Info: images/sparkcompsys.png used on input line 41.
(pdftex.def)             Requested size: 390.0pt x 178.01945pt.

Overfull \hbox (4.46083pt too wide) in paragraph at lines 26--43
\OT1/cmr/m/n/12 The \OT1/cmr/bx/n/12 RDD ob-jects \OT1/cmr/m/n/12 build the op-
er-a-tor for the Di-rected Acyclic Graph (\OT1/cmr/bx/n/12 DAG\OT1/cmr/m/n/12 )
. 
 []

[18 <./images/sparkcomp.png>]
<images/masterworker.png, id=649, 1089.47025pt x 393.26926pt>
File: images/masterworker.png Graphic file (type png)

<use images/masterworker.png>
Package pdftex.def Info: images/masterworker.png used on input line 60.
(pdftex.def)             Requested size: 390.0pt x 140.77872pt.

Underfull \hbox (badness 7238) in paragraph at lines 67--67
\OT1/cmr/m/n/12 within a sin-gle UNIX pro-cess
 []


Underfull \hbox (badness 10000) in paragraph at lines 68--68
[]|\OT1/cmr/m/n/12 Use Mul-ti-Thread-edMap-per ad-
 []


Underfull \hbox (badness 1852) in paragraph at lines 69--69
[]|\OT1/cmr/bx/n/12 Short-life ex-ecu-tor with one
 []


Overfull \hbox (0.60095pt too wide) in paragraph at lines 65--71
 [][] 
 []

[19 <./images/sparkcompsys.png>] [20 <./images/masterworker.png>]
Underfull \hbox (badness 10000) in paragraph at lines 96--98

 []

[21]
Overfull \hbox (0.60095pt too wide) in paragraph at lines 116--123
 [][] 
 []


Overfull \hbox (0.60095pt too wide) in paragraph at lines 128--135
 [][] 
 []


Underfull \hbox (badness 2529) in paragraph at lines 145--146
[]|\OT1/cmr/m/n/12 HashPartitioner(numTask), spark knows this
 []


Overfull \hbox (0.60095pt too wide) in paragraph at lines 140--147
 [][] 
 []


Underfull \hbox (badness 10000) in paragraph at lines 150--152

 []


Underfull \hbox (badness 10000) in paragraph at lines 152--155

 []

[22]
Underfull \hbox (badness 10000) in paragraph at lines 159--161

 []

<images/sparkwc.png, id=686, 757.6305pt x 195.129pt>
File: images/sparkwc.png Graphic file (type png)
 <use images/sparkwc.png>
Package pdftex.def Info: images/sparkwc.png used on input line 172.
(pdftex.def)             Requested size: 390.0pt x 100.44342pt.


LaTeX Warning: `!h' float specifier changed to `!ht'.

[23]) [24 <./images/sparkwc.png>]
\openout2 = `./TeX_files/chapter04.aux'.

 (TeX_files/chapter04.tex
Chapter 4.

Overfull \hbox (5.7767pt too wide) in paragraph at lines 5--6
\OT1/cmr/bx/n/12 man-age-ment \OT1/cmr/m/n/12 and \OT1/cmr/bx/n/12 schedul-ing 
de-ci-sions\OT1/cmr/m/n/12 . A bet-ter schedul-ing means smaller
 []

[25



]
Underfull \hbox (badness 10000) in paragraph at lines 16--30

 []


Underfull \hbox (badness 10000) in paragraph at lines 16--30

 []


Overfull \hbox (13.26595pt too wide) in paragraph at lines 16--30
\OT1/cmr/m/n/12 make sure to avoid con-flicts, par-ti-tion re-sources across fr
ame-works (\OT1/cmr/bx/n/12 pessimistic
 []


Overfull \hbox (17.96844pt too wide) in paragraph at lines 16--30
\OT1/cmr/bx/n/12 con-cur-rency con-trol\OT1/cmr/m/n/12 ) or, de-tect and undo c
on-flicts if there are any (\OT1/cmr/bx/n/12 optimistic
 []


Underfull \hbox (badness 10000) in paragraph at lines 16--30

 []


Underfull \hbox (badness 10000) in paragraph at lines 16--30

 []

[26] <images/clust_sched_arch.png, id=717, 426.84468pt x 225.09094pt>
File: images/clust_sched_arch.png Graphic file (type png)

<use images/clust_sched_arch.png>
Package pdftex.def Info: images/clust_sched_arch.png used on input line 41.
(pdftex.def)             Requested size: 195.0pt x 102.8321pt.

<images/clust_sched_comparison.png, id=718, 841.64438pt x 105.39375pt>
File: images/clust_sched_comparison.png Graphic file (type png)

<use images/clust_sched_comparison.png>
Package pdftex.def Info: images/clust_sched_comparison.png used on input line 4
2.
(pdftex.def)             Requested size: 390.0pt x 48.83711pt.
 [27 <./images/clust_sched_arch.png> <./images/clust_sched_comparison.png>]
Underfull \hbox (badness 10000) in paragraph at lines 57--66

 []


Underfull \hbox (badness 10000) in paragraph at lines 57--66

 []


Underfull \hbox (badness 10000) in paragraph at lines 57--66

 []


Underfull \hbox (badness 10000) in paragraph at lines 57--66

 []

[28] [29]
Underfull \hbox (badness 10000) in paragraph at lines 101--136

 []


Underfull \hbox (badness 10000) in paragraph at lines 101--136

 []


Underfull \hbox (badness 10000) in paragraph at lines 101--136

 []


Underfull \hbox (badness 10000) in paragraph at lines 101--136

 []

[30] [31] [32]
Overfull \hbox (1.79889pt too wide) in paragraph at lines 162--170
\OT1/cmr/bx/n/12 Task run-time dis-tri-bu-tion \OT1/cmr/m/n/12 mea-sures ho-mo-
gene-ity/heterogeneity of a work-
 []


Underfull \hbox (badness 10000) in paragraph at lines 162--170

 []

[33]
Underfull \hbox (badness 10000) in paragraph at lines 189--194

 []

[34]
Underfull \hbox (badness 10000) in paragraph at lines 195--199

 []

<images/borg_job_state_diagram.png, id=778, 480.29437pt x 423.08063pt>
File: images/borg_job_state_diagram.png Graphic file (type png)

<use images/borg_job_state_diagram.png>
Package pdftex.def Info: images/borg_job_state_diagram.png used on input line 2
12.
(pdftex.def)             Requested size: 195.0pt x 171.77278pt.

Underfull \hbox (badness 10000) in paragraph at lines 200--214

 []


Underfull \hbox (badness 10000) in paragraph at lines 200--214

 []


Underfull \hbox (badness 10000) in paragraph at lines 200--214

 []


Underfull \hbox (badness 10000) in paragraph at lines 200--214

 []


Underfull \hbox (badness 10000) in paragraph at lines 200--214

 []

[35] [36 <./images/borg_job_state_diagram.png>]
Underfull \hbox (badness 10000) in paragraph at lines 223--228

 []


Underfull \hbox (badness 10000) in paragraph at lines 239--250

 []


Underfull \hbox (badness 10000) in paragraph at lines 239--250

 []


Underfull \hbox (badness 10000) in paragraph at lines 239--250

 []

[37]
Underfull \hbox (badness 10000) in paragraph at lines 251--262

 []


Underfull \hbox (badness 10000) in paragraph at lines 251--262

 []


Underfull \hbox (badness 10000) in paragraph at lines 251--262

 []

[38]
Underfull \hbox (badness 10000) in paragraph at lines 263--271

 []

[39]
Underfull \hbox (badness 10000) in paragraph at lines 279--285

 []

[40]) [41]
\openout2 = `./TeX_files/chapter05.aux'.

 (TeX_files/chapter05.tex
Chapter 5.
[42



] [43]
Overfull \hbox (36.93399pt too wide) in paragraph at lines 69--76
\OT1/cmr/m/n/12 ther \OT1/cmr/m/it/12 ('R', a) \OT1/cmr/m/n/12 or \OT1/cmr/m/it
/12 ('S', c)\OT1/cmr/m/n/12 . Emit pairs of the form $(\OML/cmm/m/it/12 b; \OT1
/cmr/m/n/12 [(\OML/cmm/m/it/12 a[]; b; c[]\OT1/cmr/m/n/12 )\OML/cmm/m/it/12 ; \
OT1/cmr/m/n/12 (\OML/cmm/m/it/12 a[]; b; c[]\OT1/cmr/m/n/12 )\OML/cmm/m/it/12 ;
 :::; \OT1/cmr/m/n/12 (\OML/cmm/m/it/12 a[]; b; c[]\OT1/cmr/m/n/12 )])$. 
 []

[44]
Overfull \hbox (8.15976pt too wide) in paragraph at lines 78--83
\OT1/cmr/m/n/12 In the re-duce phase, each key rep-re-sents a group, ap-ply $\O
ML/cmm/m/it/12 $ \OT1/cmr/m/n/12 to the list $[\OML/cmm/m/it/12 b[]; b[]; :::;
 b[]\OT1/cmr/m/n/12 ]$
 []


Underfull \hbox (badness 10000) in paragraph at lines 86--90

 []

<images/dataframe.png, id=861, 746.79pt x 403.5075pt>
File: images/dataframe.png Graphic file (type png)

<use images/dataframe.png>
Package pdftex.def Info: images/dataframe.png used on input line 98.
(pdftex.def)             Requested size: 312.00119pt x 168.57922pt.
 [45]
<images/sparksqlarch.png, id=869, 792.71156pt x 356.0803pt>
File: images/sparksqlarch.png Graphic file (type png)

<use images/sparksqlarch.png>
Package pdftex.def Info: images/sparksqlarch.png used on input line 106.
(pdftex.def)             Requested size: 312.00119pt x 140.1476pt.

<images/sparksqlcontext.png, id=870, 934.24031pt x 253.69781pt>
File: images/sparksqlcontext.png Graphic file (type png)

<use images/sparksqlcontext.png>
Package pdftex.def Info: images/sparksqlcontext.png used on input line 114.
(pdftex.def)             Requested size: 312.00119pt x 84.72702pt.

Underfull \hbox (badness 10000) in paragraph at lines 109--116

 []

[46 <./images/dataframe.png> <./images/sparksqlarch.png>]
Underfull \hbox (badness 10000) in paragraph at lines 117--123

 []


Underfull \hbox (badness 10000) in paragraph at lines 117--123

 []

) [47 <./images/sparksqlcontext.png>]
\openout2 = `./TeX_files/chapter06.aux'.

 (TeX_files/chapter06.tex
Chapter 6.

Underfull \hbox (badness 10000) in paragraph at lines 16--22

 []

[48



] [49]
Underfull \hbox (badness 10000) in paragraph at lines 45--51

 []

[50]
Underfull \hbox (badness 10000) in paragraph at lines 56--64

 []


Underfull \hbox (badness 10000) in paragraph at lines 56--64

 []

[51]
Underfull \hbox (badness 10000) in paragraph at lines 74--81

 []

[52]
Underfull \hbox (badness 10000) in paragraph at lines 94--97

 []


Underfull \hbox (badness 10000) in paragraph at lines 98--110

 []


Underfull \hbox (badness 10000) in paragraph at lines 98--110

 []


Underfull \hbox (badness 10000) in paragraph at lines 98--110

 []


Overfull \hbox (21.7737pt too wide) in paragraph at lines 98--110
\OT1/cmr/m/n/12 Data can be rep-re-sented as fol-lows: \OT1/cmr/m/it/12 Sort-ed
Map<RowKey, List<SortedMap<Column,
 []


Underfull \hbox (badness 10000) in paragraph at lines 98--110

 []

[53]
Underfull \hbox (badness 10000) in paragraph at lines 116--122

 []

[54]
Underfull \hbox (badness 10000) in paragraph at lines 129--133

 []

<images/hbasearch.png, id=918, 516.42938pt x 384.6872pt>
File: images/hbasearch.png Graphic file (type png)

<use images/hbasearch.png>
Package pdftex.def Info: images/hbasearch.png used on input line 147.
(pdftex.def)             Requested size: 195.0pt x 145.2552pt.
 [55]
<images/hbasestorage.png, id=928, 597.73312pt x 336.50719pt>
File: images/hbasestorage.png Graphic file (type png)

<use images/hbasestorage.png>
Package pdftex.def Info: images/hbasestorage.png used on input line 161.
(pdftex.def)             Requested size: 272.99881pt x 153.69121pt.

Underfull \hbox (badness 10000) in paragraph at lines 153--162

 []

[56 <./images/hbasearch.png>]
<images/hbaselayout.png, id=936, 573.64313pt x 382.42876pt>
File: images/hbaselayout.png Graphic file (type png)

<use images/hbaselayout.png>
Package pdftex.def Info: images/hbaselayout.png used on input line 171.
(pdftex.def)             Requested size: 253.49762pt x 168.99858pt.

Underfull \hbox (badness 10000) in paragraph at lines 173--177

 []

[57 <./images/hbasestorage.png> <./images/hbaselayout.png>]
<images/timeseries.png, id=945, 447.17062pt x 312.41719pt>
File: images/timeseries.png Graphic file (type png)

<use images/timeseries.png>
Package pdftex.def Info: images/timeseries.png used on input line 187.
(pdftex.def)             Requested size: 179.40262pt x 125.34125pt.

Underfull \hbox (badness 10000) in paragraph at lines 192--196

 []

[58 <./images/timeseries.png>] [59] [60]
Overfull \hbox (48.18956pt too wide) in paragraph at lines 227--230
\OT1/cmr/m/n/12 If \OT1/cmr/bx/n/12 LO-CAL[]QUORUM\OT1/cmr/m/n/12 , it is re-st
ricted to a lo-cal data cen-ter. If \OT1/cmr/bx/n/12 EACH[]QUORUM\OT1/cmr/m/n/1
2 ,
 []

) [61]
\openout2 = `./TeX_files/chapter07.aux'.

 (TeX_files/chapter07.tex
Chapter 7.
<images/twophasecommit.png, id=973, 694.09312pt x 194.22563pt>
File: images/twophasecommit.png Graphic file (type png)

<use images/twophasecommit.png>
Package pdftex.def Info: images/twophasecommit.png used on input line 7.
(pdftex.def)             Requested size: 312.00119pt x 87.30884pt.

Underfull \hbox (badness 10000) in paragraph at lines 4--8

 []

[62



 <./images/twophasecommit.png>]
<images/paxos.png, id=979, 636.87938pt x 155.83218pt>
File: images/paxos.png Graphic file (type png)
 <use images/paxos.png>
Package pdftex.def Info: images/paxos.png used on input line 20.
(pdftex.def)             Requested size: 312.00119pt x 76.33942pt.

Underfull \hbox (badness 10000) in paragraph at lines 32--37

 []

[63 <./images/paxos.png>] [64]
Underfull \hbox (badness 10000) in paragraph at lines 65--68

 []


Underfull \hbox (badness 10000) in paragraph at lines 69--73

 []

[65]
Underfull \hbox (badness 10000) in paragraph at lines 74--79

 []


Overfull \hbox (16.45473pt too wide) in paragraph at lines 82--83
[]\OT1/cmr/bx/n/12 Sequential\OT1/cmr/m/n/12 , cre-ated by the client, but the 
name is gen-er-ated by ZooKeeper
 []


Overfull \hbox (6.4931pt too wide) in paragraph at lines 85--86
\OT1/cmr/m/n/12 Znodes have ver-sion coun-ters that are up-dated each time thei
r con-tent changes.
 []

[66]) [67]
Package atveryend Info: Empty hook `BeforeClearDocument' on input line 40.
Package atveryend Info: Empty hook `AfterLastShipout' on input line 40.
 (CLOUDS_summary.aux (TeX_files/chapter01.aux)
(TeX_files/chapter02.aux) (TeX_files/chapter03.aux) (TeX_files/chapter04.aux)
(TeX_files/chapter05.aux) (TeX_files/chapter06.aux) (TeX_files/chapter07.aux))
Package atveryend Info: Executing hook `AtVeryEndDocument' on input line 40.
Package atveryend Info: Executing hook `AtEndAfterFileList' on input line 40.
Package rerunfilecheck Info: File `CLOUDS_summary.out' has not changed.
(rerunfilecheck)             Checksum: E27700FA3438058740A37326A82DA757;6906.
 ) 
Here is how much of TeX's memory you used:
 10387 strings out of 493323
 155824 string characters out of 3139033
 265981 words of memory out of 3000000
 13371 multiletter control sequences out of 15000+200000
 13718 words of font info for 48 fonts, out of 3000000 for 9000
 1141 hyphenation exceptions out of 8191
 53i,11n,92p,839b,441s stack positions out of 5000i,500n,10000p,200000b,50000s
<C:/Program Files/MiKTeX 2.9/fonts/type1/public/amsfonts/cm/cmbx12.pfb><C:/Pr
ogram Files/MiKTeX 2.9/fonts/type1/public/amsfonts/cm/cmbxti10.pfb><C:/Program 
Files/MiKTeX 2.9/fonts/type1/public/amsfonts/cm/cmex10.pfb><C:/Program Files/Mi
KTeX 2.9/fonts/type1/public/amsfonts/cm/cmmi10.pfb><C:/Program Files/MiKTeX 2.9
/fonts/type1/public/amsfonts/cm/cmmi12.pfb><C:/Program Files/MiKTeX 2.9/fonts/t
ype1/public/amsfonts/cm/cmmi7.pfb><C:/Program Files/MiKTeX 2.9/fonts/type1/publ
ic/amsfonts/cm/cmmi8.pfb><C:/Program Files/MiKTeX 2.9/fonts/type1/public/amsfon
ts/cm/cmr10.pfb><C:/Program Files/MiKTeX 2.9/fonts/type1/public/amsfonts/cm/cmr
12.pfb><C:/Program Files/MiKTeX 2.9/fonts/type1/public/amsfonts/cm/cmr17.pfb><C
:/Program Files/MiKTeX 2.9/fonts/type1/public/amsfonts/cm/cmr7.pfb><C:/Program 
Files/MiKTeX 2.9/fonts/type1/public/amsfonts/cm/cmr8.pfb><C:/Program Files/MiKT
eX 2.9/fonts/type1/public/amsfonts/cm/cmsl12.pfb><C:/Program Files/MiKTeX 2.9/f
onts/type1/public/amsfonts/cm/cmsy10.pfb><C:/Program Files/MiKTeX 2.9/fonts/typ
e1/public/amsfonts/cm/cmsy6.pfb><C:/Program Files/MiKTeX 2.9/fonts/type1/public
/amsfonts/cm/cmsy8.pfb><C:/Program Files/MiKTeX 2.9/fonts/type1/public/amsfonts
/cm/cmti10.pfb><C:/Program Files/MiKTeX 2.9/fonts/type1/public/amsfonts/cm/cmti
12.pfb>
Output written on CLOUDS_summary.pdf (71 pages, 3017041 bytes).
PDF statistics:
 1144 PDF objects out of 1200 (max. 8388607)
 336 named destinations out of 1000 (max. 500000)
 905 words of extra memory for PDF output out of 10000 (max. 10000000)

